<?xml version="1.0" encoding="UTF-8"?>
<!-- Generated by org.testng.reporters.JUnitReportReporter -->
<testsuite hostname="SivaRajeshValluri" failures="0" tests="2" name="pom.Pagerunner" time="11.970" errors="0" timestamp="2021-10-03T17:37:04 IST" skipped="0">
  <testcase classname="pom.Pagerunner" name="openurl" time="5.625"/>
  <system-out/>
  <testcase classname="pom.Pagerunner" name="enterlogindetails" time="6.345"/>
  <system-out/>
</testsuite> <!-- pom.Pagerunner -->
